<?xml version="1.0" encoding="UTF-8"?>
<!-- Generated by org.testng.reporters.JUnitReportReporter -->
<testsuite skipped="0" hostname="DESKTOP-606JVM2" name="Runner.TestRunner" tests="1" failures="0" timestamp="08 Jul 2017 05:24:12 GMT" time="1.723" errors="0">
  <testcase name="feature" time="1.723" classname="Runner.TestRunner"/>
</testsuite> <!-- Runner.TestRunner -->
