<?xml version="1.0" encoding="UTF-8"?>
<!-- Generated by org.testng.reporters.JUnitReportReporter -->
<testsuite skipped="0" hostname="DESKTOP-606JVM2" name="com.JavaLearn.Core.TestJava.AppTest" tests="1" failures="0" timestamp="08 Jul 2017 05:24:12 GMT" time="0.014" errors="0">
  <testcase name="testApp" time="0.014" classname="com.JavaLearn.Core.TestJava.AppTest"/>
</testsuite> <!-- com.JavaLearn.Core.TestJava.AppTest -->
